<?xml version="1.0" encoding="UTF-8"?>
<robot generator="Robot 3.2.1 (Python 3.8.3 on win32)" generated="20200722 20:43:15.689" rpa="false">
<suite id="s1" name="Receber-Pedidos" source="C:\roboweek\ninjachef\web\tests\receber-pedidos.robot">
<test id="s1-t1" name="Receber novo pedido">
<kw name="Open Session" library="base" type="setup">
<kw name="Open Browser" library="SeleniumLibrary">
<doc>Opens a new browser instance to the optional ``url``.</doc>
<arguments>
<arg>about:blank</arg>
<arg>chrome</arg>
</arguments>
<msg timestamp="20200722 20:43:16.210" level="INFO">Opening browser 'chrome' to base url 'about:blank'.</msg>
<status status="PASS" starttime="20200722 20:43:16.210" endtime="20200722 20:43:18.651"></status>
</kw>
<status status="PASS" starttime="20200722 20:43:16.209" endtime="20200722 20:43:18.652"></status>
</kw>
<kw name="Dado que &quot;eduguedes@gmail.com&quot; é a minha conta de cozinheiro" library="kws">
<kw name="Set Test Variable" library="BuiltIn">
<doc>Makes a variable available everywhere within the scope of the current test.</doc>
<arguments>
<arg>${email_cozinheiro}</arg>
</arguments>
<msg timestamp="20200722 20:43:18.654" level="INFO">${email_cozinheiro} = eduguedes@gmail.com</msg>
<status status="PASS" starttime="20200722 20:43:18.653" endtime="20200722 20:43:18.654"></status>
</kw>
<kw name="Get Api Login" library="helpers">
<arguments>
<arg>${email_cozinheiro}</arg>
</arguments>
<assign>
<var>${token_cozinheiro}</var>
</assign>
<kw name="Create Dictionary" library="BuiltIn">
<doc>Creates and returns a dictionary based on the given ``items``.</doc>
<arguments>
<arg>Content-Type=application/json</arg>
</arguments>
<assign>
<var>&amp;{headers}</var>
</assign>
<msg timestamp="20200722 20:43:18.657" level="INFO">&amp;{headers} = { Content-Type=application/json }</msg>
<status status="PASS" starttime="20200722 20:43:18.656" endtime="20200722 20:43:18.657"></status>
</kw>
<kw name="Create Dictionary" library="BuiltIn">
<doc>Creates and returns a dictionary based on the given ``items``.</doc>
<arguments>
<arg>email=${email_param}</arg>
</arguments>
<assign>
<var>&amp;{payload}</var>
</assign>
<msg timestamp="20200722 20:43:18.659" level="INFO">&amp;{payload} = { email=eduguedes@gmail.com }</msg>
<status status="PASS" starttime="20200722 20:43:18.658" endtime="20200722 20:43:18.659"></status>
</kw>
<kw name="Create Session" library="RequestsLibrary">
<doc>Create Session: create a HTTP session to a server</doc>
<arguments>
<arg>api</arg>
<arg>${api_url}</arg>
</arguments>
<msg timestamp="20200722 20:43:18.660" level="INFO">Creating Session using : alias=api, url=http://ninjachef-api-qaninja-io.umbler.net, headers={},                     cookies={}, auth=None, timeout=None, proxies=None, verify=False,                     debug=0 </msg>
<status status="PASS" starttime="20200722 20:43:18.660" endtime="20200722 20:43:18.661"></status>
</kw>
<kw name="Post Request" library="RequestsLibrary">
<doc>Send a POST request on the session object found using the
given `alias`</doc>
<arguments>
<arg>api</arg>
<arg>/sessions</arg>
<arg>data=${payload}</arg>
<arg>headers=${headers}</arg>
</arguments>
<assign>
<var>${resp}</var>
</assign>
<msg timestamp="20200722 20:43:18.898" level="INFO">POST Request : url=http://ninjachef-api-qaninja-io.umbler.net/sessions 
 path_url=/sessions 
 headers={'User-Agent': 'python-requests/2.24.0', 'Accept-Encoding': 'gzip, deflate', 'Accept': '*/*', 'Connection': 'keep-alive', 'Content-Type': 'application/json', 'Content-Length': '32'} 
 body={"email": "eduguedes@gmail.com"} 
 </msg>
<msg timestamp="20200722 20:43:18.898" level="INFO">POST Response : url=http://ninjachef-api-qaninja-io.umbler.net/sessions 
 status=200, reason=OK 
 body={"_id":"5f1744fc42f1f60016038846","email":"eduguedes@gmail.com","__v":0} 
 </msg>
<msg timestamp="20200722 20:43:18.898" level="INFO">${resp} = &lt;Response [200]&gt;</msg>
<status status="PASS" starttime="20200722 20:43:18.661" endtime="20200722 20:43:18.898"></status>
</kw>
<kw name="Status Should Be" library="RequestsLibrary">
<doc>Fails if response status code is different than the expected.</doc>
<arguments>
<arg>200</arg>
<arg>${resp}</arg>
</arguments>
<status status="PASS" starttime="20200722 20:43:18.898" endtime="20200722 20:43:18.899"></status>
</kw>
<kw name="Convert To String" library="BuiltIn">
<doc>Converts the given item to a Unicode string.</doc>
<arguments>
<arg>${resp.json()['_id']}</arg>
</arguments>
<assign>
<var>${token}</var>
</assign>
<msg timestamp="20200722 20:43:18.899" level="INFO">${token} = 5f1744fc42f1f60016038846</msg>
<status status="PASS" starttime="20200722 20:43:18.899" endtime="20200722 20:43:18.899"></status>
</kw>
<msg timestamp="20200722 20:43:18.900" level="INFO">${token_cozinheiro} = 5f1744fc42f1f60016038846</msg>
<status status="PASS" starttime="20200722 20:43:18.655" endtime="20200722 20:43:18.900"></status>
</kw>
<kw name="Set Test Variable" library="BuiltIn">
<doc>Makes a variable available everywhere within the scope of the current test.</doc>
<arguments>
<arg>${token_cozinheiro}</arg>
</arguments>
<msg timestamp="20200722 20:43:18.901" level="INFO">${token_cozinheiro} = 5f1744fc42f1f60016038846</msg>
<status status="PASS" starttime="20200722 20:43:18.900" endtime="20200722 20:43:18.901"></status>
</kw>
<status status="PASS" starttime="20200722 20:43:18.653" endtime="20200722 20:43:18.901"></status>
</kw>
<kw name="E &quot;fernado@bol.com.br&quot; é o e-mail do meu cliente" library="kws">
<kw name="Set Test Variable" library="BuiltIn">
<doc>Makes a variable available everywhere within the scope of the current test.</doc>
<arguments>
<arg>${email_cliente}</arg>
</arguments>
<msg timestamp="20200722 20:43:18.903" level="INFO">${email_cliente} = fernado@bol.com.br</msg>
<status status="PASS" starttime="20200722 20:43:18.902" endtime="20200722 20:43:18.903"></status>
</kw>
<kw name="Get Api Login" library="helpers">
<arguments>
<arg>${email_cliente}</arg>
</arguments>
<assign>
<var>${token_cliente}</var>
</assign>
<kw name="Create Dictionary" library="BuiltIn">
<doc>Creates and returns a dictionary based on the given ``items``.</doc>
<arguments>
<arg>Content-Type=application/json</arg>
</arguments>
<assign>
<var>&amp;{headers}</var>
</assign>
<msg timestamp="20200722 20:43:18.904" level="INFO">&amp;{headers} = { Content-Type=application/json }</msg>
<status status="PASS" starttime="20200722 20:43:18.904" endtime="20200722 20:43:18.904"></status>
</kw>
<kw name="Create Dictionary" library="BuiltIn">
<doc>Creates and returns a dictionary based on the given ``items``.</doc>
<arguments>
<arg>email=${email_param}</arg>
</arguments>
<assign>
<var>&amp;{payload}</var>
</assign>
<msg timestamp="20200722 20:43:18.906" level="INFO">&amp;{payload} = { email=fernado@bol.com.br }</msg>
<status status="PASS" starttime="20200722 20:43:18.905" endtime="20200722 20:43:18.906"></status>
</kw>
<kw name="Create Session" library="RequestsLibrary">
<doc>Create Session: create a HTTP session to a server</doc>
<arguments>
<arg>api</arg>
<arg>${api_url}</arg>
</arguments>
<msg timestamp="20200722 20:43:18.906" level="INFO">Creating Session using : alias=api, url=http://ninjachef-api-qaninja-io.umbler.net, headers={},                     cookies={}, auth=None, timeout=None, proxies=None, verify=False,                     debug=0 </msg>
<status status="PASS" starttime="20200722 20:43:18.906" endtime="20200722 20:43:18.907"></status>
</kw>
<kw name="Post Request" library="RequestsLibrary">
<doc>Send a POST request on the session object found using the
given `alias`</doc>
<arguments>
<arg>api</arg>
<arg>/sessions</arg>
<arg>data=${payload}</arg>
<arg>headers=${headers}</arg>
</arguments>
<assign>
<var>${resp}</var>
</assign>
<msg timestamp="20200722 20:43:19.159" level="INFO">POST Request : url=http://ninjachef-api-qaninja-io.umbler.net/sessions 
 path_url=/sessions 
 headers={'User-Agent': 'python-requests/2.24.0', 'Accept-Encoding': 'gzip, deflate', 'Accept': '*/*', 'Connection': 'keep-alive', 'Content-Type': 'application/json', 'Content-Length': '31'} 
 body={"email": "fernado@bol.com.br"} 
 </msg>
<msg timestamp="20200722 20:43:19.160" level="INFO">POST Response : url=http://ninjachef-api-qaninja-io.umbler.net/sessions 
 status=200, reason=OK 
 body={"_id":"5f18bced42f1f600160389ad","email":"fernado@bol.com.br","__v":0} 
 </msg>
<msg timestamp="20200722 20:43:19.161" level="INFO">${resp} = &lt;Response [200]&gt;</msg>
<status status="PASS" starttime="20200722 20:43:18.907" endtime="20200722 20:43:19.161"></status>
</kw>
<kw name="Status Should Be" library="RequestsLibrary">
<doc>Fails if response status code is different than the expected.</doc>
<arguments>
<arg>200</arg>
<arg>${resp}</arg>
</arguments>
<status status="PASS" starttime="20200722 20:43:19.162" endtime="20200722 20:43:19.163"></status>
</kw>
<kw name="Convert To String" library="BuiltIn">
<doc>Converts the given item to a Unicode string.</doc>
<arguments>
<arg>${resp.json()['_id']}</arg>
</arguments>
<assign>
<var>${token}</var>
</assign>
<msg timestamp="20200722 20:43:19.166" level="INFO">${token} = 5f18bced42f1f600160389ad</msg>
<status status="PASS" starttime="20200722 20:43:19.164" endtime="20200722 20:43:19.167"></status>
</kw>
<msg timestamp="20200722 20:43:19.168" level="INFO">${token_cliente} = 5f18bced42f1f600160389ad</msg>
<status status="PASS" starttime="20200722 20:43:18.903" endtime="20200722 20:43:19.168"></status>
</kw>
<kw name="Set Test Variable" library="BuiltIn">
<doc>Makes a variable available everywhere within the scope of the current test.</doc>
<arguments>
<arg>${token_cliente}</arg>
</arguments>
<msg timestamp="20200722 20:43:19.171" level="INFO">${token_cliente} = 5f18bced42f1f600160389ad</msg>
<status status="PASS" starttime="20200722 20:43:19.169" endtime="20200722 20:43:19.172"></status>
</kw>
<status status="PASS" starttime="20200722 20:43:18.902" endtime="20200722 20:43:19.173"></status>
</kw>
<kw name="E que &quot;New Carne de Jaca Louca&quot; está cadastrado no meu dashboard" library="kws">
<kw name="Set Test Variable" library="BuiltIn">
<doc>Makes a variable available everywhere within the scope of the current test.</doc>
<arguments>
<arg>${produto}</arg>
</arguments>
<msg timestamp="20200722 20:43:19.178" level="INFO">${produto} = New Carne de Jaca Louca</msg>
<status status="PASS" starttime="20200722 20:43:19.178" endtime="20200722 20:43:19.179"></status>
</kw>
<kw name="Create Dictionary" library="BuiltIn">
<doc>Creates and returns a dictionary based on the given ``items``.</doc>
<arguments>
<arg>name=${produto}</arg>
<arg>plate=NewPrato</arg>
<arg>price=13.00</arg>
</arguments>
<assign>
<var>&amp;{payload}</var>
</assign>
<msg timestamp="20200722 20:43:19.180" level="INFO">&amp;{payload} = { name=New Carne de Jaca Louca | plate=NewPrato | price=13.00 }</msg>
<status status="PASS" starttime="20200722 20:43:19.179" endtime="20200722 20:43:19.181"></status>
</kw>
<kw name="Get Binary File" library="OperatingSystem">
<doc>Returns the contents of a specified file.</doc>
<arguments>
<arg>${EXECDIR}/resources/images/produto.jpg</arg>
</arguments>
<assign>
<var>${image_file}</var>
</assign>
<msg timestamp="20200722 20:43:19.182" level="INFO" html="yes">Getting file '&lt;a href="file://C:\roboweek\ninjachef\web\resources\images\produto.jpg"&gt;C:\roboweek\ninjachef\web\resources\images\produto.jpg&lt;/a&gt;'.</msg>
<msg timestamp="20200722 20:43:19.263" level="INFO">${image_file} = \xff\xd8\xff\xe0JFIFHH\xff\xdbC		



	\xff\xdbC\xff\xc0\x9fq...</msg>
<status status="PASS" starttime="20200722 20:43:19.181" endtime="20200722 20:43:19.263"></status>
</kw>
<kw name="Create Dictionary" library="BuiltIn">
<doc>Creates and returns a dictionary based on the given ``items``.</doc>
<arguments>
<arg>thumbnail=${image_file}</arg>
</arguments>
<assign>
<var>&amp;{files}</var>
</assign>
<msg timestamp="20200722 20:43:19.335" level="INFO">&amp;{files} = { thumbnail=\xff\xd8\xff\xe0JFIFHH\xff\xdbC		



	\xff\xdbC\xff\x...</msg>
<status status="PASS" starttime="20200722 20:43:19.264" endtime="20200722 20:43:19.336"></status>
</kw>
<kw name="Create Dictionary" library="BuiltIn">
<doc>Creates and returns a dictionary based on the given ``items``.</doc>
<arguments>
<arg>user_id=${token_cozinheiro}</arg>
</arguments>
<assign>
<var>&amp;{headers}</var>
</assign>
<msg timestamp="20200722 20:43:19.337" level="INFO">&amp;{headers} = { user_id=5f1744fc42f1f60016038846 }</msg>
<status status="PASS" starttime="20200722 20:43:19.336" endtime="20200722 20:43:19.337"></status>
</kw>
<kw name="Create Session" library="RequestsLibrary">
<doc>Create Session: create a HTTP session to a server</doc>
<arguments>
<arg>api</arg>
<arg>${api_url}</arg>
</arguments>
<msg timestamp="20200722 20:43:19.338" level="INFO">Creating Session using : alias=api, url=http://ninjachef-api-qaninja-io.umbler.net, headers={},                     cookies={}, auth=None, timeout=None, proxies=None, verify=False,                     debug=0 </msg>
<status status="PASS" starttime="20200722 20:43:19.337" endtime="20200722 20:43:19.338"></status>
</kw>
<kw name="Post Request" library="RequestsLibrary">
<doc>Send a POST request on the session object found using the
given `alias`</doc>
<arguments>
<arg>api</arg>
<arg>/products</arg>
<arg>files=${files}</arg>
<arg>data=${payload}</arg>
<arg>headers=${headers}</arg>
</arguments>
<assign>
<var>${resp}</var>
</assign>
<msg timestamp="20200722 20:43:20.105" level="INFO">POST Request : url=http://ninjachef-api-qaninja-io.umbler.net/products 
 path_url=/products 
 headers={'User-Agent': 'python-requests/2.24.0', 'Accept-Encoding': 'gzip, deflate', 'Accept': '*/*', 'Connection': 'keep-alive', 'user_id': '5f1744fc42f1f60016038846', 'Content-Length': '171751', 'Content-Type': 'multipart/form-data; boundary=c5d16fcad0db668c4985de08049ed909'} 
 body=b'--c5d16fcad0db668c4985de08049ed909\r\nContent-Disposition: form-data; name="name"\r\n\r\nNew Carne de Jaca Louca\r\n--c5d16fcad0db668c4985de08049ed909\r\nContent-Disposition: form-data; name="plate"\r\n\r\nNewPrato\r\n--c5d16fcad0db668c4985de08049ed909\r\nContent-Disposition: form-data; name="price"\r\n\r\n13.00\r\n--c5d16fcad0db668c4985de08049ed909\r\nContent-Disposition: form-data; name="thumbnail"; filename="thumbnail"\r\n\r\n\xff\xd8\xff\xe0\x00\x10JFIF\x00\x01\x01\x01\x00H\x00H\x00\x00\xff\xdb\x00C\x00\x02\x01\x01\x02\x01\x01\x02\x02\x02\x02\x02\x02\x02\x02\x03\x05\x03\x03\x03\x03\x03\x06\x04\x04\x03\x05\x07\x06\x07\x07\x07\x06\x07\x07\x08\t\x0b\t\x08\x08\n\x08\x07\x07\n\r\n\n\x0b\x0c\x0c\x0c\x0c\x07\t\x0e\x0f\r\x0c\x0e\x0b\x0c\x0c\x0c\xff\xdb\x00C\x01\x02\x02\x02\x03\x03\x03\x06\x03\x03\x06\x0c\x08\x07\x08\x0c\x0c\x0c\x0c\x0c\x0c\x0c\x0c\x0c\x0c\x0c\x0c\x0c\x0c\x0c\x0c\x0c\x0c\x0c\x0c\x0c\x0c\x0c\x0c\x0c\x0c\x0c\x0c\x0c\x0c\x0c\x0c\x0c\x0c\x0c\x0c\x0c\x0c\x0c\x0c\x0c\x0c\x0c\x0c\x0c\x0c\x0c\x0c\x0c\x0c\xff\xc0\x00\x11\x08\x01\x9f\x02q\x03\x01\x11\x00\x02\x11\x01\x03\x11\x01\xff\xc4\x00\x1e\x00\x00\x02\x02\x03\x01\x01\x01\x01\x00\x00\x00\x00\x00\x00\x00\x00\x06\x07\x04\x05\x03\x08\t\x02\x01\x00\n\xff\xc4\x00V\x10\x00\x02\x01\x03\x03\x03\x02\x04\x03\x05\x06\x04\x02\x05\x03\x15\x01\x02\x03\x04\x05\x11\x00\x06\x12\x07!1\x13A\x08"Qa\x142q\t\x15#\x81\x91BR\xa1\xb1\xc1\xf0\x163\xd1\xe1$b\n\x17r\x82\xf1\x18\x19%4ST\x92\x93\x94\xd2CVc\xa2\x1a&amp;UW\x95De\x83\x96\xd3\xff\xc4\x00\x1d\x01\x00\x02\x02\x03\x01\x01\x01\x00\x00\x00\x00\x00\x00\x00\x00\x00\x04\x05\x03\x06\x01\x02\x07\x00\x08\t\xff\xc4\x00E\x11\x00\x01\x03\x03\x03\x02\x04\x03\x07\x03\x04\x01\x03\x03\x01\t\x01\x02\x03\x11\x00\x04!\x05\x121AQ\x13"aq\x06\x81\x91\x142\xa1\xb1\xc1\xd1\xf0#B\xe1\x07\x15R\xf1b\x16$3Sr\x92\x17T\x82\xa2C%Dc\xb2\xd2\xff\xda\x00\x0c\x03\x01\x00\x02\x11\x03\x11\x00?\x00}~\xef\x1c\xbb\x81\xdf\xdf\x1d\xf46:V\xd8\xafB\x88\x0e\xe0\x82=\xb1\xaf&amp;\xb55\xf9h\xd7\x80\xf9s\xdc\xff\x00=x\xa8\x8a\xf5z\xfc\'\x1c\xe1|\x0f&gt;5\x89\x04\xe4\xd7\xa8\x0f\xe2\x17\xaat\xbd\x1f\xd8\x15\x15\x92:\xfe*pb\x821\xf9\x98\x91\xe4i&amp;\xb7\xa9\xa6\xd1\x83\x9f1\xc0\xa7Z&amp;\x98\xab\xcb\x94\xa219\xad\x0c\xbf\xde\xea7\x14\xcd&lt;\xee\xdf\xf8\x89\x8b\x949\xef\xdf\xb6~\xdd\xb5\xc6\xee\x01$\xba\xb3\x93]\xea\xc9\xa4\xb4\xdaYH\xc0\x15.\nd\x14\x91\xc7\x19b\xc4e\x8f\xb7\xf2\xd27TwH\xa7m`f\xa5En\x11(\x91O%\xf1\xf5\'\xb7}aNbEd\xf9\x8cU\xc5\x96\xc2\xf53\x88U8\xac\xb9\xe6}\x93\xef\xa1\x1e \xd6\xe9Q\x06h\xd3nl\x9f\xc4\x98\xfb\x04\x87\x00\x03\xc3\xe7b\x0f\xb6~\xba\x11a2$V\xae\xbf\x1c\x1c\xd3\x1fcm\xf8\xad\x14\x955+mJ\xca\x16\x9a\x08\xc3\x07\xc3D\x03\x10H\xfb\xff\x00\xf0\xd6H*N\xfd\xb8\x14\xb5\xd77("`\xe6\x8f\xedVH\xa7\xab\x97\x82\xe3\xe5(\x03\xfb\x01\xec\x7f\xeb\xa0\xc0$\x98\xa0\x96\xf1\x80\r[[-\xd1\xcbY\x0c\xec%\xfc\xc5\x00U\xe2r2;\x13\x8fq\xfd\x07ml\x86\xc0T\xf5\xaf-f6\x8a\xbb\xb0A\xf3\x0es\xcf\x96&lt;?)\\\x00F@\xed\xe3\xea|\xebd\xb4\x99\x92M\x0e\xf3\x9d@\xab\xd8(\xe0\xa3\x88O\x18#\xca2s\xee\n\xf7\xc1\x1fN\xfe}\xf58\r\xf2\x9a\x18\x15\xab\xcak\xe7\xa7\\\xa1@\x12,aH\r\xe3\x92\x93\xe0\x7f\\\xff\x00-j\x19r \x83Z\x12\x83\xebF{B\x88W\xc3\x1e$,\xf2\x86\x05\xa49`A\xf3\xdf\xcf\xea~\x9asj\xcaT\x02g\xf7\xa57N\x14\x93\xe9Gtvi\xedt\xb1z\x13\x18\xe7\x7f\x9f8\'\xb3~^\xff\x00}:U\xb9J@iD\x1e\xf4\x9f\xc7K\x8a;\x86*\xfbou\x1a\xb2\xc3D\xd4\xf5\xf4\xf2\xcab\x05a\x95HT\xcf\xbf!\x8e\xfd\xb3\xfds\xa2\x18\xd4\xee\xad\xd3\xb1\xf4\x15G\x07\x81\xf3\xa8]\xb4m\xc5nl\xf3\xcd_\xd1n\xbaK\xdd$d\x08y7\xcd\xc1\x9c\x00\xb8\xfa\x7f/o}3n\xf9\x97\xd0\t\x80{\x13\x8a\x01l\xad\xb5Ex\x82\xb6\xdb\x1c\xb8\xf4a\x88\xc9\x84s\x8f\xd7=\x87\x83\xad\xc3\xd6\xea \x00\x04\xf5\xaf\x7fT\xf2j\xda\xcdx\xa1\xab.\xa8"\tN\xe00\xe3\x9e\x04w\xc8&gt;\x08\xff\x00\xb6\x8f\xb4\xb9eR\x81\xc0\xf4\xa1\xddK\x80\x02z\xd5\xbc\xf6\xda\x0b\xcd\x04\x8b$0J\xb2\xa7\xf6\xc0\xc1\x00x\xef\xe7L\x9dm\x97\x9b) \x10{\xd4\tu\xc6\xd5 \xf1A\xd5}\x03\xa0\x96\x7fV\x12\xafK\x12\xf34\xf9\xc9B\x7f\xccgU\x97~\r\xb7*\xde\x93)\x1d;\x1al\x9du\xd0 \xfd\xee\xf5\xfa\x0e\x93Y\xaa\xd4\xd2\xcfG\x10\x9e\'V\x0e\x98#\x07&gt;\xdf\xae\xa4o\xe1\xcb%\x0f\t\xc4dF}\r`\xea\xd7(;\xd2\xae\x95\xe6\xab\xa0\xd6\xd3\'\xa9N\xec\x8a\x9c\x81\\\xf6$\x1f\xf3\x03\xfa\xe8w\xfe\x05\xb0\\\x94MH\x8f\x88\x1f\x03j\xaa\x8e\xeb\xb7*\xfa{\\\x954\xb1K5"\xb0iQF\x0f\xd3\x92\x9f\x01\x87\xd3U\rWA\x7fMt\\\xdb$\xa9\x03$D|\xe7\xbf\xe7Mm\xafQv\x9d\x8e\x98WCN}\x97\xb8!\xdct\x92\xd6\xd2\xd5\n\x98\xea\xe1C\x84\xfe\xc3\xf7\xc8\xc1\xee\xa7\xbf\xf9k\xa7h\xb7\xec] \xba\xca\xb7\x05\x01\xf5\xf6\xe4UZ\xed\x95\xb4v-1\x06\xabnh\xf4\xb3J\xcc}"\x01\x05\x94d\xafq\xed\xf49\xc7\xdb:\x1e\xe5\xa2\x85\x12pjV\xd556\x86\x17\x8e\xa62\xecLH\xe1\xcb9\xc8Q\xf4\xfd?\xe9\xa3\x19d\xee\x13\xc0\xf5\xe2\xa0Z\xd3\x18\xabS)\xa7\n\n\x96lx\xf0\x1c\xfd?\xef\xa3\x1c\xf2\xe0\t\xa8"k\xdf\xab\xfcv\x0b(I\xa2#&gt;p\x01\xf6\xd6\xe0\x14\x98\xe0\x8a\xc7\xf6\xe7\x8a\x93m$\x86Gl\x19\x0bzx\xee\x18c89\xfb\x82\x7fA\xa9\x9b\x1b\xb9\xebZ,\xf5\x15\xe2\xba\x9a9b1&lt;|\xe3\'\x05\x1cg \xf9\xfeZ\x1d\xd6\xd2F\xd5\t\x1d\x8dn\x85\x90w\x03\x9a\x19\xdc\xbb\x06\x7f\xc2z\xd6\xbc\x85R\x1cBI\xe4\x0e3\x80}\xc7\xeb\xa4:\x8e\x80\xb5\xb7\xbe\xcf\x1dv\xd3;mA;\xb6\xbd\xf5\xaai.\rJY\xa6\x05$\\\x06\x18\xfay\xce|\xf7\xef\x8d$.\xa9\xb9.\xf3\x8c~thN\xe1\xe4\xa9\xcf]\x0c\xea\x91\x17\xf4\x8a1e\xed\xdd\x86A\x18\xfb}\xbe\xfac\xe35\xf7\t\x8e\xb48J\xc1\x94\xd4\x88+R\xa2p\x07\xca\xb2\x00A\xf1\xcc\xe3\xfc\xf1\xa2\xd2\xf2\\W\x97\x83Q(\x11\xcdO\xa3oT\xf1&lt;J\x80W\x92\x9f\xed\x0f\xaf\xf2:9\x9f?\\\x0f\xccP\xeb0$U\x8d\x9e\xba\x1az\xbfE\xa5\x8cT\xc6\x15\xccFE\xf5\x07\xd4q\xf2G\xdfE\xb0\xfbM\xb9\xe0)cx\x83\x12\'\xe9Q-\xb5\x94\x15\x81\x8e\xf4;\xd4\x8a\xbf\xddw\xf9A\x07\x84\xea\xaa\xbcG`G\x90\x7f\xeb\xed\xaa\xf7\xc4\x8b\xf0nw+\xee\xaa\x00\xf7\x14n\x9c\x02\xdb\x03\xa8\x9a\x85\xb6\xeb}f\x80\xab\x80\xb1\x9c6|\x9e\xf9#\xef\x8d\x05\xa6\xbaU\xb7i\xe2\xa7\xb9H\x00\xfa\xd1mZ\x16\xa6\xf9x\xb1G\x03\x96~\xa7\xbf\xf9j\xd8\xb9)1\xfc\xefJ\xd0D\xfb\xd4j\xa5c\x10-\xf3\xf2*@^\xc0\x0f\xae\x84}\xa3\xb6W\x99\x8a\x95\n\xce*\xc2\xd7X\xb2\xa1Ry.1\x91\xe7\xb1\xcf\xf3\xecu#.\x03\x8a\x8d\xc4\xc1\x9a\xaa\xdd\xb6Y)\xae\xb0\xd7R\xc6\xc2D9r\xbf\xda?}#\xd6t\xf7\x03\xa8\xb9\xb6\x1ea\xcf\xaf\xbf\xb7\x14}\x9b\xe0\xa0\xb6\xe1\xe6\xaaiw\xed=%t\x94\xd5q\xb4l\x0f W\xc9\xcf\xbe\x94\xb5\xf12\x19x\xb3t\x82\x0fq\xd6\x8a^\x9e\xb5#{fk\xe6\xf8\xe9\x8d\x8f{\xd1K#R\xc6\xce\xe0\xb7\xaa\xa3\x04\xfd\xcf\xd4\xe9\xce\xa5\xa4i\xfa\x9bEjHQ=D~\xd5\xad\x96\xa9uh\xb0\x02\xa0\x0e\x94\x82\xdc\x1b}\xbas\xbb\xa3\x81O\xab\x02\xb0*$\xef\x91\x91\xdb\\\x1b\\\xd2N\x97\x7f\xb1\xac\xa6dO\xcb\xeb]\n\xd6\xe8^[\xee"\x0f\xa5lf\xc7\x96:\xfb\x05&lt;\xb1sv\x89I\x90\xe7\xf2c\xb1\xc0\xff\x00\x0e\xdfQ\xae\xf5\xa0\x96^\xb4B\x9a\xc9\x03&gt;\x95\xce/\xc2\xd0\xe9J\xbeUn\xa0\xc4\xf8\x82g\xf5\x18g\xbeA_\xd3\xeeq\xa6JD\x18mFO\xe1A\x82\x0f\xde\x18\xfc\xeb-\xbe\xe8\xd2\x93\x1c\xb2,\x1e\x8b\xa9\x8d\xdd\x08.&gt;\xe4v:\xf5\xa5\xda\x84\xa5\xd3\xb6"1\xcdy\xc6\x80\x00\xa4L\xfa\xd5\x855\xca\x96*\xb5\x8e\x9d\x98\xcaX\x12\xea{(\xfd&gt;\xfa9\xab\xcb\x7f\x13c9W?\xc1C\xa9\xb76\xeeW\x15qV\xa0\x84C\xc4\x19A^\x079\xfd4\xd9\xc4p\x0fZ\x11\x07\xa8\xa8\x15\xbf\xf8Y\x88h\xd8\xfc\xa0\xb1\xc0\xc0\xef\x81\xa0\xee\x06\xc3\x04t\x9a\x9d\xbf=B\x9atiJ\x86U&gt;\xc3\xc6t\xbd\xc5$\x98\xe2\xa7\x00\x81\x9a\xfb\x1b\xc3#\xfa`\x80pH\x04\xe3^B\xdb\x9d\xb5\x85%\\\xc5E\xbc\xb5M\xba\x9d\xa4\xa5+\x94\x19#\x19$kK\xa4\xb8\x84od\xe4T\x8c\x94(\xedr\xa6\xd0Z\xa2\xdcvf\x9e\x12\xbe\xaf\x0c\x82G}6\xb5e\x9b\xebb\xa4\xf3\x1c\xf5\xa0\x96\xeb\x8c;\xb4\xf147\x05,uu \xff\x00n6\xc3\x01\xd8\x83\xaay\xb7h\xbb\xb5_y&amp;\r;.\xa8\'\xd0\xd7\xad\xcd\xb7?\x19NZ\x1c\x89Tw\x03\xdcj]KM\xf1[!\xbc*\xb1kq\x07\xcd\xc5/\xe3\xa5\x92\xc9\\U\x83p\'\xb6N\xb8\x06\xa3\xa5\xbb\xa7\\\x14*v\x93\x8f\xda\xac!iq\x00\x8a\x9c\xf2\x99T\x11\xef\xa8\x16\xa2\xaf\xbbQ\xc4W\xa8\x8f\x16\xf7:%\x86\xf3Z\x13W\x9b\x7f\x8c\xc0gW-\x11\xb4.)m\xd2\x88\x14DmK4\x07#\xb6\xae\xe8\xb3LM*.\x90iy\xd5\r\x97\x15\xc6\x82Q\xc0d\x8f\xa6\x95_[\r\xa4\x8a:\xd9\xe2\x08\xcds#\xf6\x94|4C|\xb1U\xcf\x1d&gt;d@H!{\x8d\x07\xa3^\x96\x1f\x81\xff\x00t\xe5L\xa5\xe4b\xb9Ip\x8eM\xa1\xb8\xa7\xa5\x98\x84h\xe4*}\xf1\xdf]5I\x17\r\x05"\x924\xaf\r{Th\x96\xd1\xb8A\x8d\x00l\xff\x00\xae\x91?o\x9a|\xd3\x83l\x01E\x9bz\xf8W\x01_\xb7\xbf\xb6\x95&lt;\xcc\x1a%PFh\xa2\xdbs\x94\xb0\x19$1\xef\xa1\xc4\x00A\x14\xbd\xe6\xe3\x8acle\xe0\xaaX\xf7\xf6\xed\xfe\x1aEz\xa0\x0e\x05\x061\xcd3v\x9e\xec\x14o\xc5X\x10&lt;{\xea\xba\xfa\x81Vk\xc6I\xc1\xa3(\xb7q\x9d\x15A\x03\xc6s\x8d@Z&lt;\xd6|2\x04\x03W[Z\xb0\xcf \xee\t\xf7\x1f]F\x1bRrEj\x1b\x1dj\xfez\x01P\xa3$\x03\xf5\x1e\xda\xdf\x11\x11Z\xa9#\xb5W\xd7\xa0\xb7\xa1\\\x0e\xe3\xdf\xc6\xb2\x12\x98\x93X\x08\x9e\x95W\xf8\xa8\xfe\x92\x7fMk\x1e\x95\xef\x00\xf7\xad\x8eH;\xf8\x07?\xe3\xdf_fb\xb9\xd85\xf4S\x03\xdf8\xc8\xd6+\xd0+\xdf\xa2\n\xfd?\x96\xb1\x00V\xd1Q/\xf7:m\xb5h\xa9\xae\xab\x94EMM\x19wf\xf6\x1fMEr\xf2Zl\xb8\xae\x05e\xa6\xd4\xb5\x04\'\x93\\\xfd\xeb\xcfX\xe6\xeb?R&amp;\xab\x86G{e3\x14\x85\x0f\xe4\xfa\x12\x07\xf2\xd7\x16\xd55\x17_\xb9R\xd6fN+\xba\xfc=\xa3\xa2\xd2\xdd=\xfa\xd0\x85%(\xac\xaa\xe7\x86h\xe2\xfc\xa7\xdb\xef\xa4\x8f\xbd\xd2\xad-\xf3D4vQ&lt;H\x83\x1f\xf9\x87\xfb\xf6\xd2\xc5\x9334N\xe8\xab\xfbF\xd2j\xd6VH\xf9v\x04g\xb8\x1f\xef\xfd5\x03\x92\xac\xaa\xb4.\x00(\xcbl\xed\xc8\xe3\x99\x90fF\x8f\x04\x90\xb9Q\xfc\xff\x00\x96\x84\x911Z)\xc3\x12h\xe2\xd3\xb7\x12(\xe2\xca\xb3 \x90\x0e\x04\xe0\x9f\xf5\xf1\xa1\xd4P\r\x0c^\x89\x8aam*\x03KO\x14\x01\x95#\x91\xb2T\xe0\xf28\xf3\xe3\xb7a\xe3\xeau:$\xc0\x98\x14\xbd\xd5\xee\xf3\x1c\xd6-\xbbD \x92\xaa\n\x80\x12\xa6\t\x8cD\x07\xe4q\x8c\xe8V\x9a0A9\x06\xb7[\x92R\xa1\xc1\x14Gm\xa7j\x88\xf2\xaa\xae\x80e\x0b\xb1R\xa7\xf4\xfb\x1c\x7f\x8e\xb7L\xf6\xc5D\xe2\x84\xe4\xd5\xfd\x13$\x12a]\xc0P\x00\x04\xf7\x1e2q\xfa\x9f\xf1\xd4\xc0\xa4\xf4"\x813\x1cT\xe8\xad\xa2\x15\x90\x05\x0eGl\x90\x03r=\xf9\x01\xe7\x1f\xf5\xd4\x86\xd8\x89\x00}j"\xec\xc4\xd4\xb8 5\x10\xa28a1^\xcc\xcer\xc4\x0e\xfd\xb5;v\xe6\x01\x1c\xfb\xd0\xebXI*O\x14I`\xdc\xb1[\xeb\x0b2Fc\xec\x08A\x9e\x1f\x7f\xb6q\xa6m&lt;\x10\xad\xc4P\x0e0T(\xfa\xdfU5U\x00+S\xc2\x17@\x03\x0c\x8c{\x91\xe7=\xb4\xf0\x05\x14eX\x8aN\xb5!+\x823V\x141\xd4\xa2L\xad4l\x91F\xa7\r\x92\xcd\x9c\xe4\x93\xdf \xfd&gt;\xba-\x96\x97\xb4\xc9\x98\x03\xe7C\xb8\xb4\x921\xcc\xd7\xe7\xa0\xa6\xaa\xa9i\xd6\x0eb\\\x10\x11\x82\x83\xdb\xb9\xfd}\xbf\x97\xdf[.\xd9\xa5+~\xdc\x1f\x95j\x97\x96\x06\xd0k*\xc7m\x8e\xa1~V\t \x0c\x07#\x9c\x9c\x0e?\xd3\xb6\xb0Qj\x85\x01\x1c\xd7\x8b\x8e\x94\xf3V6\n\xc1E\x13\xacaZrX`\xfb\x91\xdb\xbe&lt;x\xf1\xdfS\xdb\xbb\xe1$\x84\tUD\xeaw\x18\'\x14Al\xbc,\xb4,\xec\xa8\xb0\xb6d!\xdb\x0b\x1f\xd4}\x86\x9b\xb0\xfaK{\x95\x80~\x82\x84q0c\xadg\xb0n:\xe5\xa9d\xa7@\xf1\xa9&gt;\x90?\x99\x938\xcf\x7f=\xf3\xdbPZ\\\xdc\xef)o#\xa0\xeaEe\xc6\x9b"UVq\\\x1e\xb6\xae\x19\xa4\xa1x\xaa\x08h\xcf\x15?:dq\'\xdbM\x1bu\xe5\xac)m\x10\xac\xfd*\x05$\x00BU\x8a\xb5\xa9\xb5\xca\xcd\xea\xc6\xaa\x1e\\\x06\xc8\x18$\x0c\x1c\xfdO\x8d\x1e\xe3d\xf9\x93\xcd@\x87\x00\xc1\xa85\xfby\xeb\xb0\x8f"\xf1u1\xbac\x92\x9c\xe3\xc9&gt;\x7f\xef\xa1_\xb2\xdf\xc9\xa9\x9b{nk!\xe8\xdc\x94\xf5\xafr\xb6\xd7In\xaaq\x92\xd1 \t\x9c`\x82\x9e\x08\xfeZ\\\xff\x00\xc2\r\xad\xd3wl\xe1m\xce\xe29\xf5\x1c\x11\xdcu\xa9\xdb\xd6\x0e\xdf\t\xd4\xee\x1e\xbf\xbdC\xbf^&amp;\xa7\xa5\x14\x9b\x86\x95i*\x19\xb1\x15T\x00\xfe\x1er=\xf9\x7f`\x9c\xe3\x07\xce\x96\xde]\xdc[\xa3\xc0\xd5\x9b\x830\x16\x89\xd8}\xf9)&gt;\xf8\xedD\xb2\xd2V\xaf\x12\xd0\xc8\xecy\x1f\xbda\xfd\xfal\xd4Y\x8d\xff\x00\x17H[=\xdb\xe6\x03P\xafQ,3\xe26B\x91\xf8\xd6\xc1\x8f\x11P\xac\x1a\xba\xb7\xef\xc8.\x16\xa4\x963\xea\x95\xf9]2\x01R}\xff\x00N\xdf\xe3\xa66z\xfb7\x0c\xefGNGo\xf1B\xb9b\xb4.\r[\\\xde*\x85\x89\xa2e\x03\x18q\xee\xa7\x1d\xc7\xdb\xea4\xf1\xc5$\xc1O\xce\x84D\x89\x9a\xfdi\xb9z\xf3\x15c\xdc\xb1T?\xda\x04v\x07Q\xdb\xba\t2z\xe2\xbc\xb4@\xc5XI\x10\x96\x88M\x18\x05\xc6yq\xc0\xf0{\x9f\xe7\xa3T\xd8(\xdc\x91\x9f\xda\xa2\x0b\x85\xc1\xe2\xb3\xdb\x9b\xf0\xf5\xf2\xa3q"(C\x15\xcf|\x9f\xa7\xe9\xfe\xba\xd9\xb4\x90\xe1\x03\xa0\xfc\xeb\x0b2\x91\xefC\xb7-\xadI|\x8eu\x98\xb4S\xa9\xe5\x1c\x8b\x83\xdb\xe8G\xb8\xd2k\xad9\x8b\x94\xa8: \xf7\x14swKh\x82\x9e;P\xc4\xfb&amp;\xedIN`\x92\xdb\x15[\xf2-\x15H\xa9\xe2X\x11\xf2\xe0}=\xf0q\xaa\xca\xf4\x1b\xf4 \xb5\xe1%\xceHYQI\xe3\x18\x8e\x9d\xa9\xa2o\x98Q\xdf\xbc\x8fH\x9a\x89KQSAP\x90WE5$\xaa\xd8\x0b2aO\xf3\xfa\xfd\xc6\x87iW\x0c\x10\xc5\xe2\n\x0fI\x18&gt;\xc7\x83[\xad)_\x99\xa3"\xach.\x9f\x85\xad\x0e\xd2\xe25\\2\x11\x83\xc4\x8c\xe4\x9f}3\xb7\xb8\xd8\xe6\xf5*=\x0fcC8\x8d\xc9\x8a\x93M\xd3\xcb\r\xf3\xa8\xb6m\xcfYk\xa2\xae\xdc\x16Zz\x8a[u\xcd\x90\x99\xe8a\xa8\xe2f\x89pG\xca\xfc\x14\x10s\xf9F\x9eZ\x04\xa8\x8e\xb3\x99\xfc\x87~\xb4:\xdfy,\xa9\x94\xa8\x84\xab$t$qY:\xc4\x89=\x929\x19q\xf8fV&gt;r\xeb\xe3\xbf\xdf\xfe\x9a[\xf1ci]\x9e\xe5\x0f\xbaA\xad\xb4\xa2\xa0\xe1\x83\xcc\xd55\xac\xcfOH\xd3\xd2\x94x\xf3\xea?l\x94\'\xd8\xfe\xb8\xfe\x87J,\xdb!\xa2\xb6&gt;\xe8\xc9\xebF\xbaRL/\x9a,\xa4\xad\x0e\xac\xf1\xc8\x1e6_\x9b#$\x0f\x1f\xd3\xef\xf5\xd5\x99\x85\x05\r\xc88\xf5\xe9K\\\x19\xdak\xd5\xcd?\x0bg\n\x1f\xe7_-\xc7\x05=\x97\xf5\x1eF\xb6\xbb\x1bX"r:\xc5a\x92K\x9e\x95\x9blJ\xd3\xd2\xc6\xf2\x05\x0c@\xc7\x7f\x7f\xa6\xb4\xd3\xca\x94\xd8+\x19\xac\\\xc0T\n\xb6i?\x18\xce\x88\x15x\x9c\xfc\xe7\x1c\xfe\xc0\xfd|i\x80h/\xca\x9c{\xd0\xe9V\xd1\xb8\xd0\x8fP:k-t\xe2h\x10\xc3R\x8d\xc9\xa3~\xdc\xfe\x807\x8dS\xfe&amp;\xf8]\xdb\x91\xbd\xa1\xb5i\xfc}&amp;\x9di\xda\xa2Q\xe5Y\x90\x7f\n\xa5\xa4\xbf\xd4[e4\xf2\xa0\xa6x\x98\x86\x8eL\xe4\x0e\xf8#\xf9\xe9\x05\xa6\xa2\xfd\xaa\xbc\x07\x93\xb0\x8eA\xed\xde\x989l\x87&lt;\xe9\xc8=\xa8k\xaa\x1bv\x8f}Y\xa2\xad\x86T\x8e\xe3\x0fb\x08\xed \xc8\xc8\xff\x00\xbe\x81\xf8\x96\xda\xd3U\xb2\x17\x00\x80\xeaz\xf7\xc8\xc5\x1b\xa5\\;j\xf1l\x8f!\xfc(\xb7\xa7\x13~\x04\x98\xf8\xa4l\xaeX\xc7\x9cc\x1e\xc3\xed\xdb\xc6\x9e|4\xbf\x0c\xf8|\x10x\xa5z\x90\xde7sE\x12\xddZ\x95\x1eTHK\xf9\x01\x8e0~\x9a\xb3\xbdt\xa4\x02\xe3`O\xad+\r\x83\xe5UN\xb6\xd5S\xdd\xf0\x85\x16*\x83\xd8\x80p\x1b\xdb\xb6\xa7\xb5}\xa7\xc6\xd5\xa7j\xbf\x03Q8\x85\xa0\x92\x0c\x8a\xad\xdc\x10\xc9e\xb9r\xed\x13\x10\x00e=\x9b\xeb\xa5\x9a\xb5\xba\x98t-"\x0e2(\xcbU\x87\x11\x07"\xa6R\xee\xab\x85\\\x05\x19\x94\x96#\x8b\xe0r_\xb8\xfdu;\x1a\x85\xe9\x10H \xc6{T.[0\x93"\xbdG$\xb0\xbeX\xbc\xc1\x89!\x9b\xc8\xff\x00gS\x82\xb4\x1f7\x9a\xb5)I\x1eQ\x15\n\xba\xea\xae\x8c\x10J\xa0\x0c\x16+\x8c\x1d\n\xfd\xdaH\x84\x83\x8e\xb1S\xa1\x92;P\x06\xea\xdd\xd5v{\xcc\xaa\xa6R\x85F3\xf7\xd7*\xf8\x83Y\xbb\xb6\xbbV\xc2v\xc0\xfeMY\xec\xec\x9bq\xa15\x82\x9b\xaa\xf5\xcbO\xc6?\xcc\x0e\x0b\x1f\xed~\xba\n\xdb\xe3k\xc4\'b9\xeakw4f\x8a\xa4\xd1gC\xfa\x96+nU4\xb22\xa8\'\xc6{\x0c\xea\xf3\xf0\x07\xc5\xea~\xedv\xce\x9fn)\x1f\xc4:F\xc6\xd2\xe2E\x11\\h\x84\x979\x1e\x1c\x0eG\x96G\x8d]5\x04\xa1W\n(\xfa\xd2\xbbe\xc3`*\xb0\xd3V\xcfI\xcd\xbbI\xc7\xc8?O}\x02\x87\\nO4AB\x15\x8a\xab\xdev\x8ak\x94\x82xH\xe12\xf2\x1fc\xa4\xbf\x13\xe9V\xfa\x83[\xd3\xc9\x1f\x8fCDX\xbc\xb6\xfc\x8a\xe9C\xb44-\x1b\x10\xc3\xb8\xd7\x13E\x93\x8c8P\xa1\x9an\xe2\xc1\x18\xa9\xc2\xd4Xx\xd3\xe6\xac\xc9\xccP\xa5\xca\x9bk\xa34\x8f\xdb\xc6\xac\x1as\nh\xd0\xaf\xa8(Q\x15\ro\xc9\xc4\x9c\x03\xabu\xbd\xd6"\x95-\xbc\xcdVn\xa8\x92Zv\xfb\x8dAz\xf26\x91S2\rj\x87\xc5~\xc7\x86\xfde\xabV\x8d[\x92\x11\xfav\xf3\xaaK\xef\x80\xec\x8e\x95g\xb1\x88\x83\\A\xf8\xf2\xe99\xd9\x9b\xca\xa2\xaa\x9a3\x18\xe4K`\x7f\xbe\xda\xea\x9f\x0b\xde\x87\x1b\xf0\xd5\x9cR\x9d]\x90\xd9\xf1\x10&gt;\x94\x87\xdb;\x9c\xe4+7\xe5:\xb0]\xda\x0e@\xa0\xec\xef\x08\x1bE06\xce\xe7S2\x86o\xfb\xea\xb9ui\xda\x9e\xa1j?\xe2\x99\x1bn\xec\xb2*\x12~\xc7\xbe\xab\x97)RL\n\xcb\xb0s4{\xb6/\xfc\xb8\xa0ea\xe7\xf9i%\xda14\xb8\xee\x06\x8cm7\'\x13\xa0\xf9\xfb{\xf9#J\x1cl\x93[\x05\x03\xc8\xa3\xbb\r\xc1\t\nN\x07\xd0\xfd&gt;\xfa\x1f\xc3\x85f\xb6\x1d\xe8\xca\xc3qJiB\xa3\xe4\xb7\xd7D\x96\xc6\xd9\x15\x82E\x14\xad|\x93*w!~\x83\xce\x83ZH\x15\xa9\x8a\xcb$KR\xa0&gt;r\xdf_$\x1d\x07\xe2)&amp;\xa2\xd9\x19\x06\xbc\xfe\xe2\x8f\xeb\xfe:\xf7\x8ak]\xe2\xb6\x07\xd1\x00\xf7\xee?\xc0\xeb\xec\xd9\xae|\x90:\xd7\xc5\x84`\xf6\xceu\xe9\x9a\xd0\x9a\xf7\xf8\x7f\x97\xfc1\xf5\xd6\xd2"\xb3\xcdj/\xed\x1b\xf8\x876\xda8\xf6m\xa2|T\xd5|\xd5,\x8d\xddG\xd3\xed\xf4\xd5\x0b\xe2}H,\x8bt\x93\x03\x9a\xbe|!\xa3\xef_\xda^\xe3\xa5j\xed\x8e\x9d\xe2\x9e:h\x87\xcc\xc3\x93}\x8e\xb9\x9a\x9cJ\x96T\x05v\x10\xd6\xc6\xc14sa\xb4&lt;p,e\x00)\x9e\xf8\xf3\xdfA\xba\xb0N\xea\xd9$u\xa2{\r\x93\xd18\xf4\xd9\xcbvbFB\x8f9\xd0n\xae\xb7*\xc6(\x8e\xcf@\xd0\xcb\x85\xe2;\x10}\xc1\xc7\xd3\xf9hc$VI\xc4Q\x86\xdc\xb4\xfe\x1b\x93\'\x0fS\xb1P\xc7\x1c\xbe\x80\xe7\xdb:\x89|P\x8f9$\x0e\x94cCH\xad\xc5\x9a\x9d9\xf2\xc7\x9f\x7f\x7f\xf1\xd4C\xd4P\x8aT`QM%#/\xa6\xe8\xc3\x88\x07,\xa7\x05@\xef\x91\xf7\xce\xb2Z\x95\x02\x93P\xee\x8a\x8b]K=\xa7u\x9a\xb0\xca\xf4\xf5\x84e\xd4\x0c3`r\x07\xe8Oc\xf7\xd4K\xdc\x87wr\rH\xda\x92\xb6\xb6\xf0E\x1aRQ\x1a*jZ\x95\x08`\x95V5\'\xb6\x1b\xdd\xb3\xee;\xfe\xa0\x83\xa6\xe5\x10\xd8ZF\r+[\x83qOQVq@\x84\xaf\xa7\xd8\x9c.\x06\t#\xc7\xeb\xe4kO\xb3\xa5C\x1c\xd4*^&lt;\xd5ak\x82I\xa9\xe3r\xb1\xac\x88H\xf9O)&lt;\x9f\'\xf9g\xf4:\x95\xb6\x88H\x13\xc5\x0e\xe3\x9ec\x19\xabz\x0b?\xa8\x15K\xa02\x0c\x83\xe0\x0f\x7f\xf2\xd1-\xdb\x19\x83C)\xe1\xda\xa5\xc9\xb6\xd2\x1a&amp;+.XJ9\x86\\\x16\\\x12{\x0e\xcd\xdf\xb6?\xf2\xe7L\r\xa3{0j?\xb4\x12\xac\x8cQ~\xc1\xba\x13k)*\xb3\x18\xdf\xd3#\x87b\x0f\xdfL\xad\x14v\x89\x06)M\xe3d.E\x14CA\x0f\xae\xd2D\xdf(\xfe\x1b\x04bU\x808\r\x83\xdc\x0c\xff\x00\\\xe9\xc2Yo\xa7\xfd\xd2\xe58\xaf\xfb\xaa\xbb\xbdJ\xd1S,\x8e\xe9\x02\xe0\x1e\x0f&amp;&gt;Q\x9c\xf0\xfa\x91\xdc{\x91\xdbA\xdc\xa7\xc3\x1b\x89\xf9O\xe5\xebS\xb6\n\x8c$I\xaa\xf8\xb7\x1d\xac\\\x96?]\x97\x89\xe4\xaf:\x1c8\'\xe5b\xbd\xc8\x03\xbf\x8d\x06\xb7m\xf7\x84\xf1\xea\x7f:!L:S?\x91\xab\x9bur\xc5?\xa4\xf2@\xcf\xdc\x87\x85\xf3\x9c\xfd[\xc1\x1e\x7f\xc3G\xb2\xb0&lt;\xabP\'\xd2\x86RI\xcdL\xb7\xee\x18\xa6\xa0\x9aT\x89\xea)(\x13\xf8\x80\xaf\x1enq\xc4\x01\x9e\xc7\xbf\x83\xe0\xe7Z\xa5\xf4)\xb5\x90\x99B9\x1d\xcfA^SD(%X*\xe2\xa5m\xdd\xf8*(\xa7\x9ezI\x16j(}d\x86\'\xf9\xd8{\x80O\xd0\xe3\xcf\xf9\xebk\x1dME\n[\xa9\x92\x91 \x0e}Eisg\x04\x04\x19\x93\xd7\x8aa\xd0\xde\x16Hcw\x97\x94Es\xe3\xbf\xcd\x8c6&gt;\x87\x97\x7f\xbe\xae\x8d\xba )G\x9f\xe7\xf3\xd6\x93\xa9\xbc\x90\x05L\x8e\xf1,@#\xb8\xe2\x08\xf7\x03#\xc7a\xfe:\xc9yB\x02\xb8\xadv$\xe4U\xcd\x98\xac\xd2|\xc1J\x86\xc0o\xb8\xff\x00\xbf\x8f\xe5\xa3\x9b\x1b\xa8u\xc8\xc1\xab\x8a)\xfd\x04\xc3`\x16\x01\x80\xfa\xe8\x86\xe585\x1a\xb3Y\xeab\x8e\xb9\x0eR9\x80\x07 \x80r?\xbaA\xd6\xebN\xf1\xf9\xd6\xa8QI\xa0\xfd\xe7\xd2\x1a{\xdd9\x96\xdd+\xdb\xe6a\x82\x00\xccO\x9e\xf8+\xec~\x98\xd5[V\xf8N\xde\xec\x12\xc7\xf4\xd4{p}\xc7\xebM\xed5E\xb6a\xcf0\xfcG\xce\x86-\xfd\x05\xad\xb6!\x95.\x12D\xfc\x88u\x90\x02\x87\xf9~\x87U\xa6?\xd3\xd2\xd0\xdc\x87\x8aO\\H\xfau\xa6.k\xc8V\x14\x80G\xe3^o\x14\x97\xdd\xafP\x82\xa6\x92j\x84\x19\x1e\xb59,1\xe0r_#9\xfb\xf7\xd7\xae\xac\xf5k%\x82\xa4x\x83\xfeI==Rr+-.\xd5\xf1\xe50{\x1f\xde\xa3Y\xb7\xb4OS\xc53\x1c\xa3\r\xc1\xc9\x0c\xb8?\xd7\xce\x0e\x86\xb5\xd6P\xa76}\xd5v&lt;\xfa\xd6\xce\xda\x10$\xf1E\x96\xad\xe0c\x96\x14\xc1\xe0X\xf3\xc0\xf2\t\xef\x8f\xb8\xfaj\xd7o\xa8\x00R\x07\x13\xf9\xf3KWo"j\xe6\xba_\xc3\xee\nJ\x94e\xf4\xa7P\xae}\xbePG\xf9cL\xdeIM\xc2\\\x07\x07\x07\xe5\xc5\x08\x8c\xa0\xa3\xa8\xacU\x91\xad&lt;\x19\x1f)u&lt;2s\x8e\xf8\xf3\xad\\m)\xe3\xadn\x85\x12j\xf2\xd1*\xd4Q\xd2\xa4\xad\xc6\xa24\x00\xe4vl\x0ccG0\xa0P\x01\xe6\x87q9$U\x1e\xf8\xa0J\x89\x854\x81e\x88\x8c\xb4e\xbd\xb3\xe4\x1fb&lt;\x824\xb3Ti+&gt;\x1b\x80\x10y\x07\xb7\xf8\xa2\xac\xd6R7\xa7\x9a\x08\xdd\xbb2\xafm\xd3~&amp;\x9aV\xa9\xa1~\xc960\xd1\xe3\xd9\xc7\xd7\xf4\xd5KU\xd1]\xb6Iv\xd8\xeeG\xe2=\xfb\xfb\xfdi\xbd\xad\xe2\x1d;\x17\x85W\xcd\x9f\xbb\x1e\x86\xe2\x86@\xca#l9\xe48\xc81\xdc\x7f\xaf\xf4\xd4zn\xa2Zpo\xc4~5\xb5\xcd\xb0RLU\xd6\xf2\xa8\x82\xfbA]\x0bp\x0c\xab\xf2s\xc2\xf2\x07\xf2\x9c\x9e\xc4\xff\x00\xd3O5G\x1b\xb8a\xc6\x94FG\\s\xc7\xa5\x07j\x95!IP\xaa&gt;\x9dB\xf3\xed\xca\xbeO p\xa6\x10\x84\xfc\x8e3\xe7?Ps\xfdt\x8f\xe1\xb6T\xabW7\x02\x0f\x1e\x84\x7f&gt;\xb4v\xa0\xbf\xea\xa68\xe7\xd6\xa6\xcf[%5\x14EUL@\x86nY\'\xcfp&gt;\xff\x00\xf6\xd3\x02\xa5%\xb1\x03\x1e\xbe\xf5\x00HR\x895&gt;\xf3x\x99v\xfa\xc9"\xb7\x12\x84w\x1d\x88\xe48\xf7\xfa\xf7\xff\x00\x03\xa6\x17\x8e+\xec\xe5q\xd3\xf6\x8a\x89\xa6\xc7\x89\x15a`\xaa\xf4\xa9\x12A\xd82\x959\x18\xf7\xf7\xd6\xf6j\x01\x01b\xa0xy\x88\xabh\xd1.|$G\x03$\x96R\x7f)\x1fO\xd7LR\x94\xb9\n\x06\xa1\xdcQ \x8a\xbf\xb5\xee\x14\xa8\xab\x9a\x9a\xb5C\xaf\x00\xca\xe7\x0c\xbd\x8f\xfb:=\x9b\xc8p\xb6\xf7\x11B\xb8\xcf\x94)\x1c\xd4\r\xcb\xb2\xad;\xde\t!xcV\x19\x00\x9f\x94\xaf\xbeU\x87\xeb\x9d\x03\xa8\xe9v\x1a\x93e\xa7\x90\x0f\xb8\xfcA\xa9\xed\xef\x1f\xb5!I4\x9d\xea\x17F\xee\xdb]\xa6za-\xc2\xd5\t\xe4Y;\xbc`\x0e\xf9\x03\xfc\xc7\xd3\\\x93\xe2\x0f\x80om\xa5\xcd&lt;\x97Z\x19\x8f\xee\x00\x0f\xc7\xdf\xf0\xab\x8e\x9f\xae[\xbc\x00{\xca\xb3\xf44?j\xdfr\xd0]\x16i\x01t-\xf3\xa60\x0f\xdb\xed\xaa}\xb6\xbc\xfb\x17!\xc7\x01\xf5\x11\x1f\xf5M\x1e\xb0\nl\xa4Q\xbe\xdf\xde\xd1^\xa9\x98\xa2\xa2\xc9\xdc\x88\xcb\xe4\x90\x0e\xba\x16\x99\xaf"\xe9\x04\x80\x02\xbbM \xb8\xb1-\x9a\x91S\xba\xa3\x8d\x06#\x91\xe4\x90f2;\x01\xdf\x18?\xcbS^j\xa8\x08\x80\x82I\xfb\xbf\xb5j\x8be\x133D\xb4\xb7t\xbd\xd9\x1a*\x84\x06p\x9c\x95\x94g\x18\x19^\xff\x00Oo\xe7\xab5\xb5\xc2^\xb6\xf0\x9f\x12c\xe9K\x16\xd2\x9asr8\xaa\x987\x05=m+\x05\x88\xa4\xf1\xb0\x0eP\xb6\x07\xdf\x07\xcf\xeb\xa4\x8dj\xad:\x95$\xa2\x14\x93\xd2h\xd3l\xb4\x90A\xc1\xa8\xb5;\xae$v\xe6\xe5\xb2\x99,\xbd\xb4\x03\xfa\xd3i0U8\xe9S"\xcc\x9e\x05H\xa1\xbd\xa5\xe2&gt;J\xeb\xf2\xe3\x99\x1e@\xf7\x1a\xf3\x1a\x9a.Rv\x9e"{\xd6\x17o\xe1\x18"\xa0\xef\x0b==\x1c?\x891z\xec\xe4*\x820\x01\xfa\xe9^\xbdin\xd3E\xf0\x9d\xe4\x98\x03\xf5\xa2\xac^R\x8f\x871P\xac[&amp;\r\xd4$Q\x13C\xc7\xf30\\gK\xf4\x8f\x87\x1a\xd4A\x0e#dzEMu\xa8\x1bx35\x02N\x99\x8d\xb3x\xad\x92\x96I\xd5\xa1\xe2\x15\xb3\x82}\xf3\xf4\xd6\x97\x9f\x06\xb3b\xf3\xab\xb6*\x94\xc1\x1d\xff\x00\n\x99:\xb9}\xb4\xa5\xc8\xcd\x1am\xab\xc1\x9dU&amp;R\xd2\x00&gt;`|\xea\xd3\xa3j\npm\x7f*\xefI\xae\xd9\x03\xcc\x8e*\xeb\x8a\xc9\x90\x14\x01\xe3Vt\xb9\xbb\t\x14\xbb#5Is\xa44u\x10\xc4\x07n\'\x03I\xef\x93\xe1\xa9\r\x81\x82)\x8b*\xdc\n\xab\xca\xda\x84\xf2\x9e\xd8:\xab\xeb\x9aV\xf2\x1dO&lt;\x7f\x9a\xd8=\x02*tV\x8e(2&lt;h[k-\xa0H\xa8\xd4\xec\xd7\xa6\xb6\x81\xdf\x1f\xe1\xa3\xfc \x91Q\xee&amp;\xbc4f\x11\xe3\xc7\xdbP:\xee\xda\xf4MW\xde\xa4\xf5a&gt;\xe7\x18\xd2{\xdb\xc1\x185;H\x83H\xbe\xb8\xd9\x9a\xb2\xdf6W\xb6\x0e\xaa\x0f\\\xaf\xc4\xdd\xd2\x9f\xd9\x81\\\x99\xfd\xa5\xbd=\xf4\xd6\xaaR\x99\x07 \x901\xdf]\x1f\xe0\xeb\xd2\xa7\x00&amp;\xb5\xd5\x1a\xdfn`b\xb9\x95QX\xf6{\xec\x91\x82@\x0cF\xbb\x86\xc0\xe3`\xd5\x01\x97\x14\xdb\x98\xa2\xfd\xb7\xb9\x0e\x17,F|i%\xd5\xa5X\x18\xb9*\xe4\xd33k\xee\x82cO\x9b\x00\x0f\xae\xaa\xb7vc4iR\x8afi\x8f\xb2w\x08i\x17\n{\x91\xfc\xceuY\xbe\xb30@\xad7\x03\xd6\x9c;=\xde\xa3\x81\n;\xfd?MW\x14\xdc\x1c\xd7\x82\x8c\xc0\xa3\n\x1b$\xa1\x95\xfb\x86\xc6{{kR\xa00k\x13\x06\x8d\xb6\x84@\xb2\xac\x83\xfc&lt;kE\xa8\x81\xe5\xaf)B\x8f\xed\xf4\x8a)\xff\x00(\xfb\x01\xed\xa5\xee:g5\x85zVH\xe1^``\x01\x9c\xe0hW\x17=+M\xe7\x83S\xff\x00\x02\x7f\xbc\xdf\xd4\xea-\xd5\x88\xa7|\x89\xc4\x90\xa3\xc7}}\xa7\xbb\xb5s\xd2k\x13\xe7\xdb\xdbZ\x92+\x11\x89\xa0\xfe\xb6uZ\x93\xa4{\x02\xb6\xefP\xe8\x1a4"%\'\xcbcJ\xf5]@[0U9&lt;Q\xfam\x8a\xee\x9f\r\xa2\xb9\xb1q\xbcWu\'}U\xee\n\xc6\xe6\xd52\x99\x00br\x17=\x87\xf2\xd7(\xbc\xb8\x0e\x05+\xa9\xae\xe7\xa7Zx-%\xa4\xff\x00m\x11m[B\xd7\xde\xcdKE\x93\xc4\x85\xc7\xd4i\n\xa5)\x98\xa6\xea\x88\x81F\xb6\xba\x01\x1bG\xc8\x15$\xe1\x87\xd3K\x1crL\x1a\xdd&lt;f\x8b\xac\xd6\tb\x83$\xaf\xf1{\xe3\xdf\xfd\xf8\xd0\xea=\xabR\xe0\x1cU\xdd\xb2\xda]\x868\x88\xd0d\xe3\xdc\xf8\x04}\xb5\xa6:\x9a\xd1N\x1a0\xb6[\xd6\x18\xa3\x19g\x0e\xbc\xc6\x13\xf2\xf8\xceO\xbe\xb5W\xa5\x06\xa2I\xa2*+g`\xac\xeb\x19\x07\xe5V\xed\xcb\xdf\xce\xbc\x12\t\x83C)\xc5\n,\xb3\xdb\xd4D\x00\xf4\xca\xab\x0f\x94\xf6\r\xfa\xeaT4E\x06\xa7{\xd6K\x96\xdc\x12\xed\xb7\x88K\xf3\xc4\xeb,`\xfel\xfb\xe0\xe3\xfb\xa7\xf9\xe3Z\xb9m-\xedQ\xe3#\xe7Z\xa6\xe6]\x04\x8cT\xde\x99\xdcV\xbd%\xb4\xd4\xbf6A\xce\x04\x1f\xda\xfe\xf2\x9f\xbf\x83\xdbE\xd8\x1d\xe0\xdb\xab\xe5Q_$\x80\x1dG\xce\xae(\xe9\x855l\xc9\x91\x13\xa1\x00\x92;\xbe&gt;\x9e\xff\x00\xf4\xd6\xc8eHQ\x13\x06\x85q\xc1\xb4\x1ef\xae\xa8\xbdH]rU\xff\x00\xb4N0X\xe4h\x90\x95&amp;7T\x0bPP\xa2\xad\xbfnW\x9dO\xcd o\x94\xaeAW\x1fn\xdd\xbe\x9ap\xc3\x00\x8cR\xe7\xdc U\xd5u\x9a\n\xb6\xe5\x95\x8eE\\6\x06?O\xb7m\x19\x08\xef\x06\x83\xf1\x94\x05z\xdb\xb05\x0c\xd3\xc4\x1a,H\xdf#\x1c\xe0\xb6;\x13\xf4\x04\xf6\xd4\xd6\x80%E\x00\x0c\xfeu\xab\xee\x05\x00\xaa\xb9\xbc\xaddH\xf3\xc1\x10\xe3$l\xc9*HAV\x00d7l\x8f\xd7\xf4\xd1\xf7,\xba\x00R\x04\x83\xdb\xb8\xe8hFT\xd9\xc143\xbd\xeb$\xa5\xa4\xa5z\xa5Y)\xe3\xceyG\x92\x8c\xc0\x12\xf9\xfb\xf6\'\xee4\x15\xda\x96\x94\xa4\xa8H\x1e\x9cu\x9a:\xd1\x00\xa9A\x06\r\x0b].\xd4\xf7\x8au4P\x96\xb8\xcf\xca\x18\xf8\xc8\x08\x11{\xb1?A\xe4\x1f\xa1\xc6\x96\xbc\xfa\x1dF\xc6@\xdeq\xf2\xefG\xb6\xda\x9b;\x97\xc0\xfc\xe8\xa3nmJ\xabm\x8a\x9d\x1e^h\xc8\xfe\xab\x84\xcc\x90\xe0eJ\xe3\xfb\'\xbeA\xf7:.\xdfLSM\x04\xcc\xf3\x9e\xb4+\xb7\x89S\x87h\xe2#\xb1\xf7\xa2M\x91N\x96\xed\xabYG\x80\x1a\xa9\xcc\xb9rI\x0f\xc8q\xcf\x93\xdf\x03G\xd8\xa47l\xb6c\xefP\x17noy+\xedV;v\xc5UGZ\xd5\xb5\rM\xe8@\x8e\xef*\x91\xc2D\xfe\xd7\xdf\xb7c\xef\x91\xfc\xf4e\x95\x83\x89%\xf5D\x00r:\x8e\xb5\x13\xf7\x08Zv\'\x93\x14aCT\x8f\x0c0K&lt;\x91\xcf\x1b\x15W\x1f\x95\x83g\x07\xb7o\'\xdb\xdb\x1af\x87\x90\xa0\x10\xa5A\x1fC4\x02\xd1\x12R\x05XTU\xa9\xa9\xa63\x0fM\xa8X\xbf\xaa\x17\xe5l!\xc2\xe3\xear{{\xe3E-~d\xef\xfe\xdc\xcf|`EF\x94\xe0\xc7Z\xfbe\xbbTMJ\x89\x13\xaas\xcad\x83\xd9\x82\x90H\x07\xc9\xe4\x01\xfav\xd46\xcf:\xb8\xe9\xd2\xa4q\t\x04\x93\x9a-\xb5\xdf=Zh\xd2NRI\x14a\x8c\x84\x0c\x1f\xa9\xff\x00\xed\x87\xf2\xcf\xd3N\x1a\xb8\xf2\x84\x9c\x909\xa0\x9ch\xce*u\xbfqA7\xe2\xa3\x8eH\xdaJ^(\xf9\x18R\xc5y\x1e\xfe\xf8\x04\x7f_\xae\xa5E\xda\x0e\xe0:}+E\xb2\xa1\x04\xf5\xac\xb6\xdb\xb5=EC\x8fYJ\x7f\xcc\nO\xe5\x07\xee&lt;\x8f?\xd3[\xb6\xf2\x14I\'\xd6\xb0\xb4(\x0e"\xad\x12U\x98\x05$\x97F\xc0%{\x1f\x1a.G\x15\x01\x04rk\xdc\x96\xe4\xa9\x96I\x1b\xe7\x8d\x87\xd7!H\x18\xc6?\xdf\xb6\xb6\xf0\x81\x93\xde\xbd\xbd@\x01B\x1b\xaf\xa7v\xeb\x9a\xfa\x9c0\xdc\xc6%\x8f\x1c\xa3\xcbc9\xfa\xe9\x16\xa3\xa3Z&gt;\x9f\xea\'\xaf&lt;\x11\xeci\x85\xb5\xeb\xa8;A\xf9t\xa0ZkUe\x05\xf6x\x80\xc7\xa0\xf8\x8c\xb7rF{\x12=\xf5OE\x8b\xcd])\t\xe1\'\x1d\xe2\x9b)\xd4)\xa0\xae\xa7\x9a8\xab\x97\xf1{j7\x91\x19\xa5\x8aNBO\x19\xfb}\xbc\xea\xda\xe6m\xc6\xe1\x91\x9aR\x92\x03\x98\xebY\xa7\xaf\x8eK4ra\x83 \xe2\xc8Oe\xff\x00\xe2?\xae\xb6Z\xa5\xa0\xa1^H!dV;~\xe24\x92\x08\x95\x03\x14=\xbe|\xe7B7xP\xad\xb5*\x98\n\x13Yw1\x8a\xfbK\x1d\\L\x1b\x80\xf4d\xe3\xf9\xa3\xcf\xdb\xcfc\xa2.\x82_G\x89\xf2?\xcfJ\x8d\x99B\xb6}(V\xcd\xbc\xe4\xb6\xdc+(\xa6c-4\xec\xc5\x04\x80\x15B?\xb3\x83\xecFu[\xb3\xd5\x14\xdb\xee4\xa2JI1&gt;\x9d#\xd74\xd1\xdb]\xed\xa5\xc4\xe0\xfaP\xcdU\x8e\x9b\xf7\x9f\xafo\x9a3\x03\x1c\xc9O!\xc3BW\xdb\xbf\xb7\x8f?m%~\xca\xddn\xf8\xb6\xea\x00uI\xe9\x1d\xbd(\xe4\xbc\xe6\xc2\x97\x06{\xd57W\xae\x13~\x1e\x9a\x1ayZiA&lt;\xd5}\x8f\x91\xdb\xdf?\xe9\xa4\x9f\x13\x0f\x11(i\xb3\xb8\x8e@\xfc(\xed))\x04\xadC\x15s\xd3{\xdc\xb4V\xe9)\xaa\xf3\xf8\x91\x0b\x14\x07\xcbx&lt;H\x1e\xff\x00\xe3\xa6\xff\x00\x0e&gt;\xf5\xb3E\x9b\x9ebS\xfbP\x9a\x93IZ\xf7\xb7\xc5^\xdcn\xd1\xad!X\xf8\xc74_8\xc8\xec~\xaaO\x8f\xfa\xe9\xf3\xd7i)\xda0F\x7f\xc5\x02\xdbfd\xf5\xacq\xee\x11_e\xaf\xa3u\x11H\xb1\xf2F\x0cpA\xc7\xbf\xb7\x8f\xf2\xd6\x11{\xe2\xb0\xe5\xba\xf9\x8ek&gt;\x06\xd7\x12\xe2je\xba\xee)\xe9)\xa1n2F\xea@c\xdb\x88\xf7\xcf\xfb\xf6\xd4\x88\xb8\xf0\xdbBH\x04\x1f\xe6j54TJ\x86*\xee\xc9qH\xa8\xfeb\x98\x00\x90A\xf2&lt;\xe3\xf9w\xd3\x1bw@o&lt;f(w\x13*\xaf\x17\x0b\x85H\x9e/\xc3J\x8e\xde\x99Tg\x04\x8e\xd8=\xfd\xfcj\x07T\xb2\xb4\xf8g\xbdn\xd8L\x1d\xc2\xa7RnY\xd1\x9dy\x15T$\x80pH\x1e\x7f\xc8\xea\x7f\xb5\xba\t\xec*%2\x9e\xd5c\x06\xeaK|,\xc1\x99\x92T*\xc0\x1f\xca~\xc3\xfd\xf9\xd1\xa8\xbe\r\xa7x5\x02\x98\xdev\x9a\xa2\xbe\xf4\xc6\xcd\xd4j6\xa84\xcdA\\s\xfcx\xfbw\xf6$x \xf9\xef\xa4w\xff\x00\x0ei\xda\xc2J\xdfoj\xff\x00\xe40~}\xfd\x8d0\xb7\xd4\xeel\xd5\xb1&amp;S\xdb\xf6\xa0O\xfdG\xde\xed3\xbf\xa3%4\xcc\x87(\xca\xdcX\x8fn\xc7T4\xff\x00\xa7\x97\xec(\xf8\x0e\xa4\xc7\x1c\x83\xf9U\x84\xeb\xf6\xcb\x03p5\x8e\x8dn\x16\n\xe1Ot\x89\xa1\x93\x19Ga\x94pO|\x11\xa8\x90\xde\xa1b\xb0\xd5\xf2c\xb2\xb9I\xf9\xd6\xcaS/\r\xf6\xe6}(\xb6\xd1S\x14\xf4l\x10\xe4\xe3\xe5)\xdc\x83\x9dYl\xaf\x1aP\x84\xe4\xfaR\xa7\x9bV\xec\xd55m\xaa\xe5J\xd3&lt;\x88T\x13\x81$\x87\x04\x02uY\xbd\xb0\xbfl\xad\xc5\xe0t\'\x9c\xd3\x16\x9ea[@9\xed^[i\xd6,\\\xa5\x96\x17B\x03\x12\x0f\xd7\xd8ho\xf6\x1b\x9d\x9b\x9ep\x11\x15\xbf\xdbQ0\x05g\xb4\xc7\x1d\x8a~S\xc8\x14\xb0\x18\xc7|\xfd\xf5\x9b;\x1f\xb2+z\xd5\x8cV]QtB\x05y\xac\xdd\xd1\xdc.q\xc6\xfc\x85"\x1c\x80H\xcb\x1dn\xbdL9r\x94(\xff\x00Hf\'\x9a\xd56\x85\r\x95\'\xefU\x85}d\xf4\xf78\xeb-\xf3H\xb4\xb5+\x8fH\x8e\xc8@\xef\x9dY\xae\x9cZ\x9dE\xd5\x92\xd4\x10\xa1\xf7{\x11@\xb4\x80Q\xe1&lt;$\x8e\xb4Gm\xa7\xa8\xbc\xda$\x91\xd7\x93\x15\xfc\xc3\xbet\xe5\x86\x1d\xba`\x95\xe4\x9cM\x00\xe2\x92\xd3\x80\x03C\xd6\xda\xa3n\xbc\x85\x91x\xa6}\xfb\x11\xfc\xb5Ce\xe7-oCn\x08\x13\xc1\xe7\xe9N\x16\xd8q\xa9I\xa2:\x8b\xcd:8a!A\xe3\x1e\xfa\xb7=\xa9\xdb\xa2\x0e\xe8\xa5I\xb6p\xf4\xaa\xea\xe5\x9e\xe7tJ\x98\x87$\x8c`\xae\x97\\\xa1\xdb\xbb\x94\xdc\xdb\x99\t\x1cw\xebF3\xb5\xb6\xca\x17\xd6\xacm\xbe\x99\xac\x04\xb7\xcc\xdf\xd9::\xe5\xb6\xd4\x83\xbb\x9a\rS\x18\xab\xc4\xa5\x1e\xe3B\xa1\x900(r\xba\xf3-\xbc\x1fma\xd6\x07j\xf0r*\r}\xb7\x00\xf6\'H\xaf\xed\xa0\x13\x14B\x1c\x9a\xa2\xb8\xd2\x12\x08\xd5.\xf2f\x8emT\xb3\xea\xad\xa4OC(\xc7\x90|j\xb7x\xe9I\x04S{Ef\xb9\xa5\xfbIvZ\xd4m\x9a\xd6\xe2\x0f\xca\xdd\xf1\xab\x87\xc2w\x83\xc6L\xf7\xa3\xefS,\xed\x1dk\x8c\xbb\xfe\x9b\xf0\xfb\xaa\xa5@\xfc\xb2\x11\xfe:\xfa^\xcdR\xc8&gt;\x95\xcb\xae'... (set the log level to DEBUG or TRACE to see the full content) 
 </msg>
<msg timestamp="20200722 20:43:20.106" level="INFO">POST Response : url=http://ninjachef-api-qaninja-io.umbler.net/products 
 status=200, reason=OK 
 body={"_id":"5f18cd4542f1f600160389e0","user":"5f1744fc42f1f60016038846","thumbnail":"thumbnail-1595460933459","name":"New Carne de Jaca Louca","plate":"NewPrato","price":13,"__v":0,"thumbnail_url":"http://ninjachef-api-qaninja-io.umbler.net/files/thumbnail-1595460933459","id":"5f18cd4542f1f600160389e0"} 
 </msg>
<msg timestamp="20200722 20:43:20.106" level="INFO">${resp} = &lt;Response [200]&gt;</msg>
<status status="PASS" starttime="20200722 20:43:19.338" endtime="20200722 20:43:20.107"></status>
</kw>
<kw name="Status Should Be" library="RequestsLibrary">
<doc>Fails if response status code is different than the expected.</doc>
<arguments>
<arg>200</arg>
<arg>${resp}</arg>
</arguments>
<status status="PASS" starttime="20200722 20:43:20.107" endtime="20200722 20:43:20.107"></status>
</kw>
<kw name="Convert To String" library="BuiltIn">
<doc>Converts the given item to a Unicode string.</doc>
<arguments>
<arg>${resp.json()['_id']}</arg>
</arguments>
<assign>
<var>${produto_id}</var>
</assign>
<msg timestamp="20200722 20:43:20.108" level="INFO">${produto_id} = 5f18cd4542f1f600160389e0</msg>
<status status="PASS" starttime="20200722 20:43:20.107" endtime="20200722 20:43:20.108"></status>
</kw>
<kw name="Set Test Variable" library="BuiltIn">
<doc>Makes a variable available everywhere within the scope of the current test.</doc>
<arguments>
<arg>${produto_id}</arg>
</arguments>
<msg timestamp="20200722 20:43:20.109" level="INFO">${produto_id} = 5f18cd4542f1f600160389e0</msg>
<status status="PASS" starttime="20200722 20:43:20.108" endtime="20200722 20:43:20.109"></status>
</kw>
<kw name="Go To" library="SeleniumLibrary">
<doc>Navigates the current browser window to the provided ``url``.</doc>
<arguments>
<arg>${base_url}</arg>
</arguments>
<msg timestamp="20200722 20:43:20.109" level="INFO">Opening url 'http://ninjachef-qaninja-io.umbler.net/'</msg>
<status status="PASS" starttime="20200722 20:43:20.109" endtime="20200722 20:43:21.406"></status>
</kw>
<kw name="Input Text" library="SeleniumLibrary">
<doc>Types the given ``text`` into the text field identified by ``locator``.</doc>
<arguments>
<arg>${CAMPO_EMAIL}</arg>
<arg>${email_cozinheiro}</arg>
</arguments>
<msg timestamp="20200722 20:43:21.407" level="INFO">Typing text 'eduguedes@gmail.com' into text field 'id:email'.</msg>
<status status="PASS" starttime="20200722 20:43:21.407" endtime="20200722 20:43:21.662"></status>
</kw>
<kw name="Click Element" library="SeleniumLibrary">
<doc>Click the element identified by ``locator``.</doc>
<arguments>
<arg>${BOTAO_ENTRAR}</arg>
</arguments>
<msg timestamp="20200722 20:43:21.664" level="INFO">Clicking element 'css:button[type=submit]'.</msg>
<status status="PASS" starttime="20200722 20:43:21.663" endtime="20200722 20:43:21.734"></status>
</kw>
<kw name="Wait Until Page Contains Element" library="SeleniumLibrary">
<doc>Waits until the element ``locator`` appears on the current page.</doc>
<arguments>
<arg>${DIV_DASH}</arg>
</arguments>
<status status="PASS" starttime="20200722 20:43:21.734" endtime="20200722 20:43:22.168"></status>
</kw>
<status status="PASS" starttime="20200722 20:43:19.175" endtime="20200722 20:43:22.168"></status>
</kw>
<kw name="Quando o cliente solicita o preparo desse prato" library="kws">
<kw name="Create Dictionary" library="BuiltIn">
<doc>Creates and returns a dictionary based on the given ``items``.</doc>
<arguments>
<arg>Content-Type=application/json</arg>
<arg>user_id=${token_cliente}</arg>
</arguments>
<assign>
<var>&amp;{headers}</var>
</assign>
<msg timestamp="20200722 20:43:22.171" level="INFO">&amp;{headers} = { Content-Type=application/json | user_id=5f18bced42f1f600160389ad }</msg>
<status status="PASS" starttime="20200722 20:43:22.170" endtime="20200722 20:43:22.171"></status>
</kw>
<kw name="Create Dictionary" library="BuiltIn">
<doc>Creates and returns a dictionary based on the given ``items``.</doc>
<arguments>
<arg>payment=Dinheiro</arg>
</arguments>
<assign>
<var>&amp;{payload}</var>
</assign>
<msg timestamp="20200722 20:43:22.171" level="INFO">&amp;{payload} = { payment=Dinheiro }</msg>
<status status="PASS" starttime="20200722 20:43:22.171" endtime="20200722 20:43:22.171"></status>
</kw>
<kw name="Create Session" library="RequestsLibrary">
<doc>Create Session: create a HTTP session to a server</doc>
<arguments>
<arg>api</arg>
<arg>${api_url}</arg>
</arguments>
<msg timestamp="20200722 20:43:22.172" level="INFO">Creating Session using : alias=api, url=http://ninjachef-api-qaninja-io.umbler.net, headers={},                     cookies={}, auth=None, timeout=None, proxies=None, verify=False,                     debug=0 </msg>
<status status="PASS" starttime="20200722 20:43:22.172" endtime="20200722 20:43:22.173"></status>
</kw>
<kw name="Post Request" library="RequestsLibrary">
<doc>Send a POST request on the session object found using the
given `alias`</doc>
<arguments>
<arg>api</arg>
<arg>/products/${produto_id}/orders</arg>
<arg>data=${payload}</arg>
<arg>headers=${headers}</arg>
</arguments>
<assign>
<var>${resp}</var>
</assign>
<msg timestamp="20200722 20:43:22.703" level="INFO">POST Request : url=http://ninjachef-api-qaninja-io.umbler.net/products/5f18cd4542f1f600160389e0/orders 
 path_url=/products/5f18cd4542f1f600160389e0/orders 
 headers={'User-Agent': 'python-requests/2.24.0', 'Accept-Encoding': 'gzip, deflate', 'Accept': '*/*', 'Connection': 'keep-alive', 'Content-Type': 'application/json', 'user_id': '5f18bced42f1f600160389ad', 'Content-Length': '23'} 
 body={"payment": "Dinheiro"} 
 </msg>
<msg timestamp="20200722 20:43:22.703" level="INFO">POST Response : url=http://ninjachef-api-qaninja-io.umbler.net/products/5f18cd4542f1f600160389e0/orders 
 status=200, reason=OK 
 body={"_id":"5f18cd4842f1f600160389e1","user":{"_id":"5f18bced42f1f600160389ad","email":"fernado@bol.com.br","__v":0},"product":{"_id":"5f18cd4542f1f600160389e0","user":"5f1744fc42f1f60016038846","thumbnail":"thumbnail-1595460933459","name":"New Carne de Jaca Louca","plate":"NewPrato","price":13,"__v":0,"thumbnail_url":"http://ninjachef-api-qaninja-io.umbler.net/files/thumbnail-1595460933459","id":"5f18cd4542f1f600160389e0"},"payment":"Dinheiro","__v":0} 
 </msg>
<msg timestamp="20200722 20:43:22.704" level="INFO">${resp} = &lt;Response [200]&gt;</msg>
<status status="PASS" starttime="20200722 20:43:22.173" endtime="20200722 20:43:22.704"></status>
</kw>
<kw name="Status Should Be" library="RequestsLibrary">
<doc>Fails if response status code is different than the expected.</doc>
<arguments>
<arg>200</arg>
<arg>${resp}</arg>
</arguments>
<status status="PASS" starttime="20200722 20:43:22.704" endtime="20200722 20:43:22.705"></status>
</kw>
<status status="PASS" starttime="20200722 20:43:22.169" endtime="20200722 20:43:22.706"></status>
</kw>
<kw name="Então devo receber uma notificação de pedido desse produto" library="kws">
<kw name="Convert To String" library="BuiltIn">
<doc>Converts the given item to a Unicode string.</doc>
<arguments>
<arg>${email_cliente} está solicitando o preparo do seguinte prato: ${produto}.</arg>
</arguments>
<assign>
<var>${mensagem_esperada}</var>
</assign>
<msg timestamp="20200722 20:43:22.709" level="INFO">${mensagem_esperada} = fernado@bol.com.br está solicitando o preparo do seguinte prato: New Carne de Jaca Louca.</msg>
<status status="PASS" starttime="20200722 20:43:22.708" endtime="20200722 20:43:22.709"></status>
</kw>
<kw name="Wait Until Page Contains" library="SeleniumLibrary">
<doc>Waits until ``text`` appears on the current page.</doc>
<arguments>
<arg>${mensagem_esperada}</arg>
<arg>5</arg>
</arguments>
<status status="PASS" starttime="20200722 20:43:22.709" endtime="20200722 20:43:22.738"></status>
</kw>
<status status="PASS" starttime="20200722 20:43:22.707" endtime="20200722 20:43:22.739"></status>
</kw>
<kw name="E posso aceitar ou rejeitar esse pedido" library="kws">
<kw name="Wait Until Page Contains" library="SeleniumLibrary">
<doc>Waits until ``text`` appears on the current page.</doc>
<arguments>
<arg>ACEITAR</arg>
<arg>5</arg>
</arguments>
<status status="PASS" starttime="20200722 20:43:22.740" endtime="20200722 20:43:22.759"></status>
</kw>
<kw name="Wait Until Page Contains" library="SeleniumLibrary">
<doc>Waits until ``text`` appears on the current page.</doc>
<arguments>
<arg>REJEITAR</arg>
<arg>5</arg>
</arguments>
<status status="PASS" starttime="20200722 20:43:22.759" endtime="20200722 20:43:22.778"></status>
</kw>
<status status="PASS" starttime="20200722 20:43:22.739" endtime="20200722 20:43:22.779"></status>
</kw>
<kw name="Close Session" library="base" type="teardown">
<kw name="Capture Page Screenshot" library="SeleniumLibrary">
<doc>Takes a screenshot of the current page and embeds it into a log file.</doc>
<msg timestamp="20200722 20:43:23.149" level="INFO" html="yes">&lt;/td&gt;&lt;/tr&gt;&lt;tr&gt;&lt;td colspan="3"&gt;&lt;a href="selenium-screenshot-21.png"&gt;&lt;img src="selenium-screenshot-21.png" width="800px"&gt;&lt;/a&gt;</msg>
<status status="PASS" starttime="20200722 20:43:22.781" endtime="20200722 20:43:23.149"></status>
</kw>
<kw name="Close Browser" library="SeleniumLibrary">
<doc>Closes the current browser.</doc>
<status status="PASS" starttime="20200722 20:43:23.150" endtime="20200722 20:43:25.403"></status>
</kw>
<status status="PASS" starttime="20200722 20:43:22.779" endtime="20200722 20:43:25.405"></status>
</kw>
<status status="PASS" starttime="20200722 20:43:16.208" endtime="20200722 20:43:25.408" critical="yes"></status>
</test>
<doc>Receber pedidos
Sendo um cozinheiro que possui produtos no dashboard
Quero receber solicitação de preparo dos meus produtos
Para que eu possa envia-los aos meus clientes</doc>
<status status="PASS" starttime="20200722 20:43:15.692" endtime="20200722 20:43:25.415"></status>
</suite>
<statistics>
<total>
<stat pass="1" fail="0">Critical Tests</stat>
<stat pass="1" fail="0">All Tests</stat>
</total>
<tag>
</tag>
<suite>
<stat pass="1" fail="0" id="s1" name="Receber-Pedidos">Receber-Pedidos</stat>
</suite>
</statistics>
<errors>
</errors>
</robot>
